<?xml version="1.0" encoding="UTF-8"?>
<testng-results ignored="0" total="2" passed="2" failed="0" skipped="0">
  <reporter-output>
  </reporter-output>
  <suite started-at="2024-06-26T07:33:43Z" name="Surefire suite" finished-at="2024-06-26T07:34:09Z" duration-ms="25757">
    <groups>
      <group name="PurchaseOrder">
        <method signature="SubmitOrderTest.submitOrder(java.util.HashMap)[pri:0, instance:SeleniumFrameworkDesign.Tests.SubmitOrderTest@1068e947]" name="submitOrder" class="SeleniumFrameworkDesign.Tests.SubmitOrderTest"/>
      </group> <!-- PurchaseOrder -->
    </groups>
    <test started-at="2024-06-26T07:33:43Z" name="Surefire test" finished-at="2024-06-26T07:34:09Z" duration-ms="25757">
      <class name="SeleniumFrameworkDesign.Tests.SubmitOrderTest">
        <test-method is-config="true" signature="launchApplication()[pri:0, instance:SeleniumFrameworkDesign.Tests.SubmitOrderTest@1068e947]" started-at="2024-06-26T13:04:00Z" name="launchApplication" finished-at="2024-06-26T13:04:04Z" duration-ms="3115" status="PASS">
          <reporter-output>
          </reporter-output>
        </test-method> <!-- launchApplication -->
        <test-method signature="submitOrder(java.util.HashMap)[pri:0, instance:SeleniumFrameworkDesign.Tests.SubmitOrderTest@1068e947]" started-at="2024-06-26T13:04:04Z" name="submitOrder" data-provider="userDataSet" finished-at="2024-06-26T13:04:09Z" duration-ms="5301" status="PASS">
          <params>
            <param index="0">
              <value>
                <![CDATA[{country=India, password=Deepak@123, product=ZARA COAT 3, email=deeps2398wagh@gmail.com}]]>
              </value>
            </param>
          </params>
          <reporter-output>
          </reporter-output>
        </test-method> <!-- submitOrder -->
        <test-method is-config="true" signature="tearDown()[pri:0, instance:SeleniumFrameworkDesign.Tests.SubmitOrderTest@1068e947]" started-at="2024-06-26T13:04:09Z" name="tearDown" finished-at="2024-06-26T13:04:09Z" duration-ms="242" status="PASS">
          <reporter-output>
          </reporter-output>
        </test-method> <!-- tearDown -->
      </class> <!-- SeleniumFrameworkDesign.Tests.SubmitOrderTest -->
      <class name="SeleniumFrameworkDesign.Tests.StandAloneTest">
        <test-method signature="myMethod()[pri:0, instance:SeleniumFrameworkDesign.Tests.StandAloneTest@2f8f5f62]" started-at="2024-06-26T13:03:43Z" name="myMethod" finished-at="2024-06-26T13:04:00Z" duration-ms="16208" status="PASS">
          <reporter-output>
          </reporter-output>
        </test-method> <!-- myMethod -->
      </class> <!-- SeleniumFrameworkDesign.Tests.StandAloneTest -->
    </test> <!-- Surefire test -->
  </suite> <!-- Surefire suite -->
</testng-results>
