<?xml version="1.0" encoding="UTF-8"?>
<!-- Generated by org.testng.reporters.JUnitReportReporter -->
<testsuite ignored="0" hostname="LAPTOP-EVD333TJ" failures="1" tests="1" name="SeleniumFramework.Cucumber.TestNGTestRunner" time="7.507" errors="0" timestamp="02 Jul 2024 03:50:29 GMT" skipped="0">
  <testcase classname="SeleniumFramework.Cucumber.TestNGTestRunner" name="runScenario" time="7.507">
    <failure message="expected [THANKYOU FOR THE ORDER.] but found [THANK YOU FOR THE ORDER]" type="java.lang.AssertionError">
      <![CDATA[java.lang.AssertionError: expected [THANKYOU FOR THE ORDER.] but found [THANK YOU FOR THE ORDER]
	at org.testng.Assert.fail(Assert.java:94)
	at org.testng.Assert.failNotEquals(Assert.java:513)
	at org.testng.Assert.assertEqualsImpl(Assert.java:135)
	at org.testng.Assert.assertEquals(Assert.java:116)
	at org.testng.Assert.assertEquals(Assert.java:190)
	at org.testng.Assert.assertEquals(Assert.java:200)
	at SeleniumFramework.stepDefinition.StepDefinitionimpl.check_Confirmation_Message_Is_Displayed(StepDefinitionimpl.java:49)
	at ✽."THANK YOU FOR THE ORDER" message is displayed on the Confirmation Page.(file:///C:/Users/wwwde/OneDrive/Desktop/selenium_Project_Workspace/SeleniumFrameworkDesign/src/test/java/SeleniumFramework/Cucumber/PurchaseOrder.feature:14)
]]>
    </failure>
  </testcase> <!-- runScenario -->
</testsuite> <!-- SeleniumFramework.Cucumber.TestNGTestRunner -->
